<?xml version="1.0" encoding="UTF-8"?>
<!-- Generated by org.testng.reporters.JUnitReportReporter -->
<testsuite hostname="np-sadekunle" name="Bingo_Core.RegistrationTest" tests="7" failures="0" timestamp="24 Nov 2015 16:23:49 GMT" time="382.726" errors="0">
  <testcase name="RegistrationTest" time="53.029" classname="Bingo_Core.RegistrationTest"/>
  <testcase name="RegistrationTest" time="59.566" classname="Bingo_Core.RegistrationTest"/>
  <testcase name="RegistrationTest" time="56.310" classname="Bingo_Core.RegistrationTest"/>
  <testcase name="RegistrationTest" time="50.283" classname="Bingo_Core.RegistrationTest"/>
  <testcase name="RegistrationTest" time="55.340" classname="Bingo_Core.RegistrationTest"/>
  <testcase name="RegistrationTest" time="51.595" classname="Bingo_Core.RegistrationTest"/>
  <testcase name="RegistrationTest" time="56.603" classname="Bingo_Core.RegistrationTest"/>
</testsuite> <!-- Bingo_Core.RegistrationTest -->
