<?xml version="1.0" encoding="UTF-8"?>
<!-- Generated by org.testng.reporters.JUnitReportReporter -->
<testsuite hostname="NP-SADEKUNLE" name="Bingo_Core_SUITE.GamesTest" tests="1" failures="0" timestamp="30 Oct 2017 12:59:57 GMT" time="17.849" errors="0">
  <testcase name="Headertest" time="17.849" classname="Bingo_Core_SUITE.GamesTest"/>
</testsuite> <!-- Bingo_Core_SUITE.GamesTest -->
