<?xml version="1.0" encoding="UTF-8"?>
<!-- Generated by org.testng.reporters.JUnitReportReporter -->
<testsuite hostname="NP-SADEKUNLE" name="Bingo_Core_SUITE.HomePage" tests="8" failures="0" timestamp="30 Oct 2017 12:51:57 GMT" time="353.936" errors="0">
  <testcase name="GamecareIcontest" time="14.884" classname="Bingo_Core_SUITE.HomePage"/>
  <testcase name="Footertest" time="69.399" classname="Bingo_Core_SUITE.HomePage"/>
  <testcase name="BingoVertcalMenutest" time="54.544" classname="Bingo_Core_SUITE.HomePage"/>
  <testcase name="GamblingCommsionIcontest" time="12.211" classname="Bingo_Core_SUITE.HomePage"/>
  <testcase name="netplaytvicontest" time="20.480" classname="Bingo_Core_SUITE.HomePage"/>
  <testcase name="Headertest" time="38.415" classname="Bingo_Core_SUITE.HomePage"/>
  <testcase name="HelpVertcalMenutest" time="106.351" classname="Bingo_Core_SUITE.HomePage"/>
  <testcase name="PromotionsVertcalMenutest" time="37.652" classname="Bingo_Core_SUITE.HomePage"/>
</testsuite> <!-- Bingo_Core_SUITE.HomePage -->
