<?xml version="1.0" encoding="UTF-8"?>
<!-- Generated by org.testng.reporters.JUnitReportReporter -->
<testsuite hostname="np-sadekunle" name="Bingo_Core.HomePage" tests="1" failures="0" timestamp="14 Jan 2016 14:16:12 GMT" time="66.730" errors="0">
  <testcase name="BingoVertcalMenutest" time="66.730" classname="Bingo_Core.HomePage"/>
</testsuite> <!-- Bingo_Core.HomePage -->
