<?xml version="1.0" encoding="UTF-8"?>
<!-- Generated by org.testng.reporters.JUnitReportReporter -->
<testsuite hostname="np-sadekunle" name="Rough.TextMeasure" tests="1" failures="0" timestamp="27 Nov 2015 10:20:41 GMT" time="10.823" errors="0">
  <testcase name="StringMetrics" time="10.823" classname="Rough.TextMeasure"/>
</testsuite> <!-- Rough.TextMeasure -->
