<?xml version="1.0" encoding="UTF-8"?>
<!-- Generated by org.testng.reporters.JUnitReportReporter -->
<testsuite hostname="NP-SADEKUNLE" name="Cashier.AccountTest" tests="1" failures="0" timestamp="7 Jul 2017 15:13:36 GMT" time="221.225" errors="0">
  <testcase name="AccountMenutest" time="221.225" classname="Cashier.AccountTest"/>
</testsuite> <!-- Cashier.AccountTest -->
