<?xml version="1.0" encoding="UTF-8"?>
<!-- Generated by org.testng.reporters.JUnitReportReporter -->
<testsuite hostname="np-sadekunle" name="Bingo_Core.GamesTest" tests="1" failures="0" timestamp="29 Dec 2015 16:11:13 GMT" time="10.275" errors="0">
  <testcase name="Headertest" time="10.275" classname="Bingo_Core.GamesTest"/>
</testsuite> <!-- Bingo_Core.GamesTest -->
