<?xml version="1.0" encoding="UTF-8"?>
<!-- Generated by org.testng.reporters.JUnitReportReporter -->
<testsuite hostname="NP-SADEKUNLE" name="Games.GamesCategoryTest" tests="6" failures="0" timestamp="30 Oct 2017 13:08:35 GMT" time="174.973" errors="0">
  <testcase name="Progressivetest" time="34.412" classname="Games.GamesCategoryTest"/>
  <testcase name="Featuretest" time="15.075" classname="Games.GamesCategoryTest"/>
  <testcase name="AllGamestest" time="22.419" classname="Games.GamesCategoryTest"/>
  <testcase name="Slotstest" time="36.299" classname="Games.GamesCategoryTest"/>
  <testcase name="Arcadetest" time="32.324" classname="Games.GamesCategoryTest"/>
  <testcase name="Scracthcardtest" time="34.444" classname="Games.GamesCategoryTest"/>
</testsuite> <!-- Games.GamesCategoryTest -->
