<?xml version="1.0" encoding="UTF-8"?>
<!-- Generated by org.testng.reporters.JUnitReportReporter -->
<testsuite hostname="NP-SADEKUNLE" name="Bingo_Core_SUITE.LoginTest" tests="4" failures="0" timestamp="30 Oct 2017 11:38:33 GMT" time="39.536" errors="0">
  <testcase name="logintest" time="6.830" classname="Bingo_Core_SUITE.LoginTest"/>
  <testcase name="logintest" time="7.800" classname="Bingo_Core_SUITE.LoginTest"/>
  <testcase name="logintest" time="17.327" classname="Bingo_Core_SUITE.LoginTest"/>
  <testcase name="logintest" time="7.579" classname="Bingo_Core_SUITE.LoginTest"/>
</testsuite> <!-- Bingo_Core_SUITE.LoginTest -->
