<?xml version="1.0" encoding="UTF-8"?>
<!-- Generated by org.testng.reporters.JUnitReportReporter -->
<testsuite hostname="NP-SADEKUNLE" name="Bingo_Core_SUITE.PromotionsPage" tests="1" failures="0" timestamp="30 Oct 2017 12:52:50 GMT" time="24.936" errors="0">
  <testcase name="PromotionsMenu1test" time="24.936" classname="Bingo_Core_SUITE.PromotionsPage"/>
</testsuite> <!-- Bingo_Core_SUITE.PromotionsPage -->
